This file contains any messages produced by compilers while
running configure, to aid debugging if configure makes a mistake.

It was created by dpans2texi configure 1.05, which was
generated by GNU Autoconf 2.63.  Invocation command line was

  $ ./configure 

## --------- ##
## Platform. ##
## --------- ##

hostname = m
uname -m = x86_64
uname -r = 10.8.0
uname -s = Darwin
uname -v = Darwin Kernel Version 10.8.0: Tue Jun  7 16:32:41 PDT 2011; root:xnu-1504.15.3~1/RELEASE_X86_64

/usr/bin/uname -p = i386
/bin/uname -X     = unknown

/bin/arch              = unknown
/usr/bin/arch -k       = unknown
/usr/convex/getsysinfo = unknown
/usr/bin/hostinfo      = Mach kernel version:
	 Darwin Kernel Version 10.8.0: Tue Jun  7 16:32:41 PDT 2011; root:xnu-1504.15.3~1/RELEASE_X86_64
Kernel configured for up to 8 processors.
4 processors are physically available.
8 processors are logically available.
Processor type: i486 (Intel 80486)
Processors active: 0 1 2 3 4 5 6 7
Primary memory available: 4.00 gigabytes
Default processor set: 135 tasks, 519 threads, 8 processors
Load average: 0.90, Mach factor: 7.08
/bin/machine           = unknown
/usr/bin/oslevel       = unknown
/bin/universe          = unknown

PATH: /opt/local/bin
PATH: /opt/local/sbin
PATH: /opt/local/bin
PATH: /opt/local/sbin
PATH: /opt/local/bin
PATH: /opt/local/sbin
PATH: /usr/bin
PATH: /bin
PATH: /usr/sbin
PATH: /sbin
PATH: /usr/local/bin
PATH: /usr/X11/bin
PATH: /usr/local/CrossPack-AVR/bin
PATH: /usr/local/Crosspack-AVR/bin
PATH: /Users/manuel/local/bin
PATH: /Users/manuel/siff-svn/scripts
PATH: /usr/local/arm-none-gnueabi/bin


## ----------- ##
## Core tests. ##
## ----------- ##

configure:1805: checking for a BSD-compatible install
configure:1873: result: /usr/bin/install -c
configure:1884: checking whether build environment is sane
configure:1927: result: yes
configure:1952: checking for a thread-safe mkdir -p
configure:1991: result: ./install-sh -c -d
configure:2004: checking for gawk
configure:2034: result: no
configure:2004: checking for mawk
configure:2034: result: no
configure:2004: checking for nawk
configure:2034: result: no
configure:2004: checking for awk
configure:2020: found /usr/bin/awk
configure:2031: result: awk
configure:2042: checking whether make sets $(MAKE)
configure:2064: result: yes
configure:2253: checking for a BSD-compatible install
configure:2321: result: /usr/bin/install -c
configure:2334: checking for makeinfo
configure:2362: result: ${SHELL} /Users/manuel/code/wesen/emacs/dpans2texi-1.05/missing --run makeinfo
configure:2377: checking for emacs
configure:2404: result: /Applications/Aquamacs.app/Contents/MacOS/Aquamacs
configure:2428: checking where .elc files should go
configure:2441: $EMACS -batch -q -eval '(while load-path (princ (concat (car load-path) "\n")) (setq load-path (cdr load-path)))' </dev/null >conftest.out
configure:2444: $? = 0
configure:2457: result: ${datadir}/emacs/site-lisp
configure:2605: creating ./config.status

## ---------------------- ##
## Running config.status. ##
## ---------------------- ##

This file was extended by dpans2texi config.status 1.05, which was
generated by GNU Autoconf 2.63.  Invocation command line was

  CONFIG_FILES    = 
  CONFIG_HEADERS  = 
  CONFIG_LINKS    = 
  CONFIG_COMMANDS = 
  $ ./config.status 

on m

config.status:663: creating Makefile

## ---------------- ##
## Cache variables. ##
## ---------------- ##

ac_cv_env_EMACSLOADPATH_set=
ac_cv_env_EMACSLOADPATH_value=
ac_cv_env_EMACS_set=set
ac_cv_env_EMACS_value=/Applications/Aquamacs.app/Contents/MacOS/Aquamacs
ac_cv_env_build_alias_set=
ac_cv_env_build_alias_value=
ac_cv_env_host_alias_set=
ac_cv_env_host_alias_value=
ac_cv_env_target_alias_set=
ac_cv_env_target_alias_value=
ac_cv_path_install='/usr/bin/install -c'
ac_cv_prog_AWK=awk
ac_cv_prog_EMACS=/Applications/Aquamacs.app/Contents/MacOS/Aquamacs
ac_cv_prog_MAKEINFO='${SHELL} /Users/manuel/code/wesen/emacs/dpans2texi-1.05/missing --run makeinfo'
ac_cv_prog_make_make_set=yes
am_cv_lispdir='${datadir}/emacs/site-lisp'

## ----------------- ##
## Output variables. ##
## ----------------- ##

ACLOCAL='${SHELL} /Users/manuel/code/wesen/emacs/dpans2texi-1.05/missing --run aclocal-1.10'
AMTAR='${SHELL} /Users/manuel/code/wesen/emacs/dpans2texi-1.05/missing --run tar'
AUTOCONF='${SHELL} /Users/manuel/code/wesen/emacs/dpans2texi-1.05/missing --run autoconf'
AUTOHEADER='${SHELL} /Users/manuel/code/wesen/emacs/dpans2texi-1.05/missing --run autoheader'
AUTOMAKE='${SHELL} /Users/manuel/code/wesen/emacs/dpans2texi-1.05/missing --run automake-1.10'
AWK='awk'
CYGPATH_W='echo'
DEFS='-DPACKAGE_NAME=\"dpans2texi\" -DPACKAGE_TARNAME=\"dpans2texi\" -DPACKAGE_VERSION=\"1.05\" -DPACKAGE_STRING=\"dpans2texi\ 1.05\" -DPACKAGE_BUGREPORT=\"jesper.harder@gmail.com\"'
ECHO_C='\c'
ECHO_N=''
ECHO_T=''
EMACS='/Applications/Aquamacs.app/Contents/MacOS/Aquamacs'
EMACSLOADPATH=''
INSTALL_DATA='${INSTALL} -m 644'
INSTALL_PROGRAM='${INSTALL}'
INSTALL_SCRIPT='${INSTALL}'
INSTALL_STRIP_PROGRAM='$(install_sh) -c -s'
LIBOBJS=''
LIBS=''
LTLIBOBJS=''
MAKEINFO='${SHELL} /Users/manuel/code/wesen/emacs/dpans2texi-1.05/missing --run makeinfo'
MKDIR_P='./install-sh -c -d'
PACKAGE='dpans2texi'
PACKAGE_BUGREPORT='jesper.harder@gmail.com'
PACKAGE_NAME='dpans2texi'
PACKAGE_STRING='dpans2texi 1.05'
PACKAGE_TARNAME='dpans2texi'
PACKAGE_VERSION='1.05'
PATH_SEPARATOR=':'
SET_MAKE=''
SHELL='/bin/sh'
STRIP=''
VERSION='1.05'
am__isrc=''
am__leading_dot='.'
am__tar='${AMTAR} chof - "$$tardir"'
am__untar='${AMTAR} xf -'
bindir='${exec_prefix}/bin'
build_alias=''
datadir='${datarootdir}'
datarootdir='${prefix}/share'
docdir='${datarootdir}/doc/${PACKAGE_TARNAME}'
dvidir='${docdir}'
exec_prefix='${prefix}'
host_alias=''
htmldir='${docdir}'
includedir='${prefix}/include'
infodir='${datarootdir}/info'
install_sh='$(SHELL) /Users/manuel/code/wesen/emacs/dpans2texi-1.05/install-sh'
libdir='${exec_prefix}/lib'
libexecdir='${exec_prefix}/libexec'
lispdir='${datadir}/emacs/site-lisp'
localedir='${datarootdir}/locale'
localstatedir='${prefix}/var'
mandir='${datarootdir}/man'
mkdir_p='$(top_builddir)/./install-sh -c -d'
oldincludedir='/usr/include'
pdfdir='${docdir}'
prefix='/usr/local'
program_transform_name='s,x,x,'
psdir='${docdir}'
sbindir='${exec_prefix}/sbin'
sharedstatedir='${prefix}/com'
sysconfdir='${prefix}/etc'
target_alias=''

## ----------- ##
## confdefs.h. ##
## ----------- ##

#define PACKAGE_NAME "dpans2texi"
#define PACKAGE_TARNAME "dpans2texi"
#define PACKAGE_VERSION "1.05"
#define PACKAGE_STRING "dpans2texi 1.05"
#define PACKAGE_BUGREPORT "jesper.harder@gmail.com"

configure: exit 0
